2015-11-03 15:54:48,348 INFO FugaApp - Fuga Framework 0.2.1-SNAPSHOT
2015-11-03 15:54:48,351 INFO Configuration - Configuration loaded from resources: /config/default.config
2015-11-03 15:54:48,352 ERROR Router - catching
java.lang.NullPointerException
	at com.showvars.fugaframework.router.Router.load(Router.java:54) ~[classes/:?]
	at com.showvars.fugaframework.router.Router.loadFromResources(Router.java:45) [classes/:?]
	at ru.intcode.repostme.webapp.RepostMeWebApp.prepare(RepostMeWebApp.java:11) [classes/:?]
	at com.showvars.fugaframework.FugaApp.start(FugaApp.java:48) [classes/:?]
	at ru.intcode.repostme.webapp.RepostMeWebApp.main(RepostMeWebApp.java:17) [classes/:?]
2015-11-03 15:54:48,363 INFO HttpServer - Starting up HTTP server at http://localhost:8080/
2015-11-03 16:00:09,172 INFO FugaApp - Fuga Framework 0.2.1-SNAPSHOT
2015-11-03 16:00:09,177 INFO Configuration - Configuration loaded from resources: /config/default.config
2015-11-03 16:00:09,178 ERROR Router - catching
java.lang.NullPointerException
	at com.showvars.fugaframework.router.Router.load(Router.java:54) ~[classes/:?]
	at com.showvars.fugaframework.router.Router.loadFromResources(Router.java:45) [classes/:?]
	at ru.intcode.repostme.webapp.RepostMeWebApp.prepare(RepostMeWebApp.java:11) [classes/:?]
	at com.showvars.fugaframework.FugaApp.start(FugaApp.java:48) [classes/:?]
	at ru.intcode.repostme.webapp.RepostMeWebApp.main(RepostMeWebApp.java:17) [classes/:?]
2015-11-03 16:00:09,196 INFO HttpServer - Starting up HTTP server at http://localhost:8080/
2015-11-03 16:03:45,660 INFO FugaApp - Fuga Framework 0.2.1-SNAPSHOT
2015-11-03 16:08:03,527 INFO FugaApp - Fuga Framework 0.2.1-SNAPSHOT
2015-11-03 16:08:03,531 INFO Configuration - Configuration loaded from resources: /config/default.config
2015-11-03 16:08:03,532 ERROR Router - catching
java.lang.NullPointerException
	at com.showvars.fugaframework.router.Router.load(Router.java:54) ~[classes/:?]
	at com.showvars.fugaframework.router.Router.loadFromResources(Router.java:45) [classes/:?]
	at ru.intcode.repostme.webapp.RepostMeWebApp.prepare(RepostMeWebApp.java:11) [classes/:?]
	at com.showvars.fugaframework.FugaApp.start(FugaApp.java:48) [classes/:?]
	at ru.intcode.repostme.webapp.RepostMeWebApp.main(RepostMeWebApp.java:17) [classes/:?]
2015-11-03 16:08:03,544 INFO HttpServer - Starting up HTTP server at http://localhost:8080/
2015-11-03 16:10:32,216 INFO FugaApp - Fuga Framework 0.2.1-SNAPSHOT
2015-11-03 16:10:32,220 INFO Configuration - Configuration loaded from resources: /config/default.config
2015-11-03 16:10:32,228 INFO Router - Routes loaded from resources: routes/main.routes
2015-11-03 16:10:32,233 INFO HttpServer - Starting up HTTP server at http://localhost:8080/
2015-11-03 16:10:38,945 DEBUG HttpServerHandler - Access from /127.0.0.1:34065: localhost:8080/
2015-11-03 16:10:39,361 DEBUG HttpServerHandler - Access from /127.0.0.1:34065: localhost:8080/favicon.ico
